<?xml version="1.0" encoding="UTF-8"?>
<testsuite xmlns:xsi="http://www.w3.org/2001/XMLSchema-instance" xsi:noNamespaceSchemaLocation="https://maven.apache.org/surefire/maven-surefire-plugin/xsd/surefire-test-report-3.0.xsd" version="3.0" name="com.example.playwright.PlaywrightControllerTest" time="37.638" tests="1" errors="0" skipped="0" failures="0">
  <properties>
[...]
</properties>
  <testcase name="testInteractWithPage" classname="com.example.playwright.PlaywrightControllerTest" time="34.921">
    <system-out><![CDATA[  .   ____          _            __ _ _
 /\\ / ___'_ __ _ _(_)_ __  __ _ \ \ \ \
( ( )\___ | '_ | '_| | '_ \/ _` | \ \ \ \
 \\/  ___)| |_)| | | | | || (_| |  ) ) ) )
  '  |____| .__|_| |_|_| |_\__, | / / / /
 =========|_|==============|___/=/_/_/_/

 :: Spring Boot ::                (v3.3.0)

2025-11-12T17:15:41.323+05:30  INFO 12100 --- [           main] c.e.playwright.PlaywrightControllerTest  : Starting PlaywrightControllerTest using Java 17.0.12 with PID 12100 (started by skrishnamoorthy in C:\Users\skrishnamoorthy\Desktop\My Files\Other Initiatives\spring-playwright-demo-git)
2025-11-12T17:15:41.325+05:30  INFO 12100 --- [           main] c.e.playwright.PlaywrightControllerTest  : No active profile set, falling back to 1 default profile: "default"
2025-11-12T17:15:42.517+05:30  INFO 12100 --- [           main] o.s.b.w.embedded.tomcat.TomcatWebServer  : Tomcat initialized with port 0 (http)
2025-11-12T17:15:42.542+05:30  INFO 12100 --- [           main] o.apache.catalina.core.StandardService   : Starting service [Tomcat]
2025-11-12T17:15:42.543+05:30  INFO 12100 --- [           main] o.apache.catalina.core.StandardEngine    : Starting Servlet engine: [Apache Tomcat/10.1.24]
2025-11-12T17:15:42.615+05:30  INFO 12100 --- [           main] o.a.c.c.C.[Tomcat].[localhost].[/]       : Initializing Spring embedded WebApplicationContext
2025-11-12T17:15:42.616+05:30  INFO 12100 --- [           main] w.s.c.ServletWebServerApplicationContext : Root WebApplicationContext: initialization completed in 1264 ms
2025-11-12T17:15:43.085+05:30  INFO 12100 --- [           main] o.s.b.w.embedded.tomcat.TomcatWebServer  : Tomcat started on port 64048 (http) with context path '/'
2025-11-12T17:15:43.093+05:30  INFO 12100 --- [           main] c.e.playwright.PlaywrightControllerTest  : Started PlaywrightControllerTest in 2.168 seconds (process running for 3.384)
2025-11-12T17:15:44.106+05:30  INFO 12100 --- [o-auto-1-exec-1] o.a.c.c.C.[Tomcat].[localhost].[/]       : Initializing Spring DispatcherServlet 'dispatcherServlet'
2025-11-12T17:15:44.106+05:30  INFO 12100 --- [o-auto-1-exec-1] o.s.web.servlet.DispatcherServlet        : Initializing Servlet 'dispatcherServlet'
2025-11-12T17:15:44.107+05:30  INFO 12100 --- [o-auto-1-exec-1] o.s.web.servlet.DispatcherServlet        : Completed initialization in 1 ms
]]></system-out>
  </testcase>
</testsuite>